<?xml version="1.0" encoding="UTF-8"?>
<!-- Generated by org.testng.reporters.JUnitReportReporter -->
<testsuite skipped="0" hostname="TeraByte" name="com.test.LoginTest" tests="2" failures="0" timestamp="22 Nov 2018 16:39:25 GMT" time="18.385" errors="0">
  <testcase name="verifyTitle" time="8.775" classname="com.test.LoginTest"/>
  <testcase name="verifyButtonDisplay" time="9.610" classname="com.test.LoginTest"/>
</testsuite> <!-- com.test.LoginTest -->
